<?xml version="1.0" encoding="UTF-8"?>
<robot generator="Robot 4.1.3 (Python 3.10.1 on win32)" generated="20220223 09:54:06.700" rpa="false" schemaversion="2">
<suite id="s1" name="Delete Product" source="C:\Users\milad\Desktop\FirstSendProjectDidn't Feedback\ProjectUI\TestCase\DeleteProduct\Delete_Product.robot">
<kw name="Run Keywords" library="BuiltIn" type="SETUP">
<arg>Valid Login</arg>
<doc>Executes all the given keywords in a sequence.</doc>
<kw name="Valid Login" library="LoginToSystem">
<kw name="Open Page" library="LoginToSystem">
<kw name="Set Selenium Speed" library="SeleniumLibrary">
<arg>${SPEED}</arg>
<doc>Sets the delay that is waited after each Selenium command.</doc>
<status status="PASS" starttime="20220223 09:54:08.616" endtime="20220223 09:54:08.618"/>
</kw>
<kw name="Set Selenium Timeout" library="SeleniumLibrary">
<arg>${TIMEOUT}</arg>
<doc>Sets the timeout that is used by various keywords.</doc>
<status status="PASS" starttime="20220223 09:54:08.619" endtime="20220223 09:54:08.620"/>
</kw>
<kw name="Open Browser" library="SeleniumLibrary">
<arg>${URL}</arg>
<arg>${BROWSER}</arg>
<doc>Opens a new browser instance to the optional ``url``.</doc>
<msg timestamp="20220223 09:54:08.627" level="INFO">Opening browser 'chrome' to base url 'https://digikala.com'.</msg>
<status status="PASS" starttime="20220223 09:54:08.621" endtime="20220223 09:54:39.812"/>
</kw>
<kw name="Maximize Browser Window" library="SeleniumLibrary">
<doc>Maximizes current browser window.</doc>
<status status="PASS" starttime="20220223 09:54:39.813" endtime="20220223 09:54:42.150"/>
</kw>
<kw name="Wait Until Element Is Visible" library="SeleniumLibrary">
<arg>${Login_button}</arg>
<doc>Waits until the element ``locator`` is visible.</doc>
<status status="PASS" starttime="20220223 09:54:42.150" endtime="20220223 09:54:47.467"/>
</kw>
<kw name="Set Focus To Element" library="SeleniumLibrary">
<arg>${Login_button}</arg>
<doc>Sets the focus to the element identified by ``locator``.</doc>
<status status="PASS" starttime="20220223 09:54:47.468" endtime="20220223 09:54:47.710"/>
</kw>
<kw name="Click Element" library="SeleniumLibrary">
<arg>${Login_button}</arg>
<doc>Click the element identified by ``locator``.</doc>
<msg timestamp="20220223 09:54:47.712" level="INFO">Clicking element '//*[contains(text(), 'ورود | ثبت‌نام')]'.</msg>
<status status="PASS" starttime="20220223 09:54:47.711" endtime="20220223 09:54:48.821"/>
</kw>
<status status="PASS" starttime="20220223 09:54:08.614" endtime="20220223 09:54:48.824"/>
</kw>
<kw name="Username Page" library="LoginToSystem">
<kw name="Wait Until Element Is Visible" library="SeleniumLibrary">
<arg>${username_btn}</arg>
<doc>Waits until the element ``locator`` is visible.</doc>
<msg timestamp="20220223 09:54:49.513" level="INFO">Suppressing StaleElementReferenceException from Selenium.</msg>
<status status="PASS" starttime="20220223 09:54:48.826" endtime="20220223 09:54:50.026"/>
</kw>
<kw name="Mouse Down" library="SeleniumLibrary">
<arg>${Input_username}</arg>
<doc>Simulates pressing the left mouse button on the element ``locator``.</doc>
<msg timestamp="20220223 09:54:50.028" level="INFO">Simulating Mouse Down on element '//*[@id="__next"]/main/div[2]/form/label/div/div/input'.</msg>
<status status="PASS" starttime="20220223 09:54:50.026" endtime="20220223 09:54:50.459"/>
</kw>
<kw name="Set Focus To Element" library="SeleniumLibrary">
<arg>${Input_password}</arg>
<doc>Sets the focus to the element identified by ``locator``.</doc>
<status status="PASS" starttime="20220223 09:54:50.459" endtime="20220223 09:54:50.510"/>
</kw>
<kw name="Input Text" library="SeleniumLibrary">
<arg>${Input_username}</arg>
<arg>${username}</arg>
<doc>Types the given ``text`` into the text field identified by ``locator``.</doc>
<msg timestamp="20220223 09:54:50.512" level="INFO">Typing text 'milad.hajizadehh@gmail.com' into text field '//*[@id="__next"]/main/div[2]/form/label/div/div/input'.</msg>
<status status="PASS" starttime="20220223 09:54:50.511" endtime="20220223 09:54:52.112"/>
</kw>
<kw name="Click Element" library="SeleniumLibrary">
<arg>${username_btn}</arg>
<doc>Click the element identified by ``locator``.</doc>
<msg timestamp="20220223 09:54:52.114" level="INFO">Clicking element '//div[contains(text(), 'ورود')]'.</msg>
<status status="PASS" starttime="20220223 09:54:52.112" endtime="20220223 09:54:53.876"/>
</kw>
<status status="PASS" starttime="20220223 09:54:48.824" endtime="20220223 09:54:53.876"/>
</kw>
<kw name="Password Page" library="LoginToSystem">
<kw name="Wait Until Element Is Visible" library="SeleniumLibrary">
<arg>${password_btn}</arg>
<doc>Waits until the element ``locator`` is visible.</doc>
<status status="PASS" starttime="20220223 09:54:53.877" endtime="20220223 09:54:54.654"/>
</kw>
<kw name="Mouse Down" library="SeleniumLibrary">
<arg>${Input_password}</arg>
<doc>Simulates pressing the left mouse button on the element ``locator``.</doc>
<msg timestamp="20220223 09:54:54.656" level="INFO">Simulating Mouse Down on element '//*[@id="__next"]/main/div[2]/form/label/div/div[1]/input'.</msg>
<status status="PASS" starttime="20220223 09:54:54.655" endtime="20220223 09:54:54.984"/>
</kw>
<kw name="Set Focus To Element" library="SeleniumLibrary">
<arg>${Input_password}</arg>
<doc>Sets the focus to the element identified by ``locator``.</doc>
<status status="PASS" starttime="20220223 09:54:54.985" endtime="20220223 09:54:55.069"/>
</kw>
<kw name="Input Text" library="SeleniumLibrary">
<arg>${Input_password}</arg>
<arg>${password}</arg>
<doc>Types the given ``text`` into the text field identified by ``locator``.</doc>
<msg timestamp="20220223 09:54:55.072" level="INFO">Typing text 'Milad123456789' into text field '//*[@id="__next"]/main/div[2]/form/label/div/div[1]/input'.</msg>
<status status="PASS" starttime="20220223 09:54:55.070" endtime="20220223 09:54:55.550"/>
</kw>
<kw name="Click Element" library="SeleniumLibrary">
<arg>${password_btn}</arg>
<doc>Click the element identified by ``locator``.</doc>
<msg timestamp="20220223 09:54:55.556" level="INFO">Clicking element '//div[contains(text(), 'تایید')]'.</msg>
<status status="PASS" starttime="20220223 09:54:55.552" endtime="20220223 09:54:55.765"/>
</kw>
<status status="PASS" starttime="20220223 09:54:53.877" endtime="20220223 09:54:55.765"/>
</kw>
<kw name="Check Login" library="LoginToSystem">
<kw name="Wait Until Element Is Visible" library="SeleniumLibrary">
<arg>${chek_login_button}</arg>
<doc>Waits until the element ``locator`` is visible.</doc>
<status status="PASS" starttime="20220223 09:54:55.767" endtime="20220223 09:55:36.915"/>
</kw>
<kw name="Click Element" library="SeleniumLibrary">
<arg>${chek_login_button}</arg>
<doc>Click the element identified by ``locator``.</doc>
<msg timestamp="20220223 09:55:36.917" level="INFO">Clicking element 'css:.BaseLayoutMiniProfile_BaseLayoutMiniProfile__profileButton__TwPY7 &gt; .d-flex:nth-child(2) &gt; svg'.</msg>
<status status="PASS" starttime="20220223 09:55:36.915" endtime="20220223 09:55:37.680"/>
</kw>
<kw name="Wait Until Page Contains" library="SeleniumLibrary">
<arg>${login_name}</arg>
<doc>Waits until ``text`` appears on the current page.</doc>
<status status="PASS" starttime="20220223 09:55:37.681" endtime="20220223 09:55:38.317"/>
</kw>
<status status="PASS" starttime="20220223 09:54:55.766" endtime="20220223 09:55:38.318"/>
</kw>
<status status="PASS" starttime="20220223 09:54:08.613" endtime="20220223 09:55:38.318"/>
</kw>
<status status="PASS" starttime="20220223 09:54:08.609" endtime="20220223 09:55:38.318"/>
</kw>
<test id="s1-t1" name="Verify Delet Product from the cart">
<kw name="Select Cart" library="Delete_Product">
<kw name="Go To" library="SeleniumLibrary">
<arg>${URL}</arg>
<doc>Navigates the current browser window to the provided ``url``.</doc>
<msg timestamp="20220223 09:55:38.329" level="INFO">Opening url 'https://digikala.com'</msg>
<status status="PASS" starttime="20220223 09:55:38.328" endtime="20220223 09:56:07.264"/>
</kw>
<kw name="Maximize Browser Window" library="SeleniumLibrary">
<doc>Maximizes current browser window.</doc>
<status status="PASS" starttime="20220223 09:56:07.266" endtime="20220223 09:56:07.369"/>
</kw>
<kw name="Wait Until Element Is Visible" library="SeleniumLibrary">
<arg>${Cart_Page}</arg>
<doc>Waits until the element ``locator`` is visible.</doc>
<status status="PASS" starttime="20220223 09:56:07.369" endtime="20220223 09:56:07.509"/>
</kw>
<kw name="Set Focus To Element" library="SeleniumLibrary">
<arg>${Cart_Page}</arg>
<doc>Sets the focus to the element identified by ``locator``.</doc>
<status status="PASS" starttime="20220223 09:56:07.509" endtime="20220223 09:56:07.660"/>
</kw>
<kw name="Mouse Down" library="SeleniumLibrary">
<arg>${Cart_Page}</arg>
<doc>Simulates pressing the left mouse button on the element ``locator``.</doc>
<msg timestamp="20220223 09:56:07.662" level="INFO">Simulating Mouse Down on element 'css:#base_layout_desktop_fixed_header &gt; header &gt; div &gt; div &gt; div &gt; div.d-flex.ai-center.jc-end &gt; div.pos-relative.d-flex.flex-column &gt; a &gt; div &gt; svg &gt; use'.</msg>
<status status="PASS" starttime="20220223 09:56:07.661" endtime="20220223 09:56:08.230"/>
</kw>
<kw name="Mouse Up" library="SeleniumLibrary">
<arg>${Cart_Page}</arg>
<doc>Simulates releasing the left mouse button on the element ``locator``.</doc>
<msg timestamp="20220223 09:56:08.233" level="INFO">Simulating Mouse Up on element 'css:#base_layout_desktop_fixed_header &gt; header &gt; div &gt; div &gt; div &gt; div.d-flex.ai-center.jc-end &gt; div.pos-relative.d-flex.flex-column &gt; a &gt; div &gt; svg &gt; use'.</msg>
<status status="PASS" starttime="20220223 09:56:08.231" endtime="20220223 09:56:09.943"/>
</kw>
<kw name="Wait Until Element Is Visible" library="SeleniumLibrary">
<arg>${Delet_Product_Cart}</arg>
<doc>Waits until the element ``locator`` is visible.</doc>
<status status="PASS" starttime="20220223 09:56:09.944" endtime="20220223 09:56:11.813"/>
</kw>
<kw name="Set Focus To Element" library="SeleniumLibrary">
<arg>${Delet_Product_Cart}</arg>
<doc>Sets the focus to the element identified by ``locator``.</doc>
<status status="PASS" starttime="20220223 09:56:11.814" endtime="20220223 09:56:12.005"/>
</kw>
<kw name="Mouse Down" library="SeleniumLibrary">
<arg>${Delet_Product_Cart}</arg>
<doc>Simulates pressing the left mouse button on the element ``locator``.</doc>
<msg timestamp="20220223 09:56:12.010" level="INFO">Simulating Mouse Down on element 'css:.bg-000 &gt; .cartItem_CartItem__grid__Kr1In button:nth-child(3) svg'.</msg>
<status status="PASS" starttime="20220223 09:56:12.006" endtime="20220223 09:56:16.124"/>
</kw>
<kw name="Mouse Up" library="SeleniumLibrary">
<arg>${Delet_Product_Cart}</arg>
<doc>Simulates releasing the left mouse button on the element ``locator``.</doc>
<msg timestamp="20220223 09:56:16.126" level="INFO">Simulating Mouse Up on element 'css:.bg-000 &gt; .cartItem_CartItem__grid__Kr1In button:nth-child(3) svg'.</msg>
<status status="PASS" starttime="20220223 09:56:16.124" endtime="20220223 09:56:16.568"/>
</kw>
<kw name="Wait Until Element Is Enabled" library="SeleniumLibrary">
<arg>${Unavailable}</arg>
<doc>Waits until the element ``locator`` is enabled.</doc>
<status status="PASS" starttime="20220223 09:56:16.568" endtime="20220223 09:56:17.324"/>
</kw>
<status status="PASS" starttime="20220223 09:55:38.322" endtime="20220223 09:56:17.324"/>
</kw>
<tag>Delet Product</tag>
<status status="PASS" starttime="20220223 09:55:38.319" endtime="20220223 09:56:17.332"/>
</test>
<kw name="Close Browser" library="SeleniumLibrary" type="TEARDOWN">
<doc>Closes the current browser.</doc>
<status status="PASS" starttime="20220223 09:56:17.352" endtime="20220223 09:56:21.170"/>
</kw>
<doc>A Test Suit Remove the product from the cart</doc>
<status status="PASS" starttime="20220223 09:54:06.719" endtime="20220223 09:56:21.171"/>
</suite>
<statistics>
<total>
<stat pass="1" fail="0" skip="0">All Tests</stat>
</total>
<tag>
<stat pass="1" fail="0" skip="0">Delet Product</stat>
</tag>
<suite>
<stat pass="1" fail="0" skip="0" id="s1" name="Delete Product">Delete Product</stat>
</suite>
</statistics>
<errors>
</errors>
</robot>
